Change Physical Footprint: Designator=B1 Old Footprint=TO750P480X2500X1900-4P New Footprint=TO750P480X2500X1900-4P
Change Physical Footprint: Designator=B2 Old Footprint=TO750P480X2500X1900-4P New Footprint=TO750P480X2500X1900-4P
Change Physical Footprint: Designator=C1 Old Footprint=CAPPRD500W65D1025H1250 New Footprint=CAPPRD500W65D1025H1250
Change Physical Footprint: Designator=C2 Old Footprint=CAPPRD500W65D1025H1250 New Footprint=CAPPRD500W65D1025H1250
Change Physical Footprint: Designator=C3 Old Footprint=CAPC2012X94N New Footprint=CAPC2012X94N
Change Physical Footprint: Designator=C4 Old Footprint=CAPPRD500W65D1025H1250 New Footprint=CAPPRD500W65D1025H1250
Change Physical Footprint: Designator=C5 Old Footprint=CAPPRD500W65D1025H1250 New Footprint=CAPPRD500W65D1025H1250
Change Physical Footprint: Designator=C6 Old Footprint=CAPC2012X94N New Footprint=CAPC2012X94N
Change Physical Footprint: Designator=C7 Old Footprint=CAPC2012X94N New Footprint=CAPC2012X94N
Change Physical Footprint: Designator=C8 Old Footprint=CAPC2012X94N New Footprint=CAPC2012X94N
Change Physical Footprint: Designator=C9 Old Footprint=CAPC2012X94N New Footprint=CAPC2012X94N
Change Physical Footprint: Designator=C10 Old Footprint=CAPPRD500W65D1025H1250 New Footprint=CAPPRD500W65D1025H1250
Change Physical Footprint: Designator=C11 Old Footprint=CAPC2012X94N New Footprint=CAPC2012X94N
Change Physical Footprint: Designator=C12 Old Footprint=CAPC2012X94N New Footprint=CAPC2012X94N
Change Physical Footprint: Designator=C13 Old Footprint=CAPC2012X94N New Footprint=CAPC2012X94N
Change Physical Footprint: Designator=C14 Old Footprint=CAPC2012X94N New Footprint=CAPC2012X94N
Change Physical Footprint: Designator=C23 Old Footprint=CAPC2012X94N New Footprint=CAPC2012X94N
Change Physical Footprint: Designator=C24 Old Footprint=CAPC2012X94N New Footprint=CAPC2012X94N
Change Physical Footprint: Designator=C25 Old Footprint=CAPC2012X94N New Footprint=CAPC2012X94N
Change Physical Footprint: Designator=D1 Old Footprint=DIOM5327X242N New Footprint=DIOM5327X242N
Change Physical Footprint: Designator=D2 Old Footprint=DIOAD1256W51L444D203 New Footprint=DIOAD1256W51L444D203
Change Physical Footprint: Designator=D3 Old Footprint=DIOAD1165W56L425D185 New Footprint=DIOAD1165W56L425D185
Change Physical Footprint: Designator=DS1 Old Footprint=DIPS1016W75P254L4020H725Q16N New Footprint=DIPS1016W75P254L4020H725Q16N
Change Physical Footprint: Designator=IC1 Old Footprint=TL78005CKTTR New Footprint=TL78005CKTTR
Change Physical Footprint: Designator=IC2 Old Footprint=DIP781W56P254L950H533Q8N New Footprint=DIP781W56P254L950H533Q8N
Change Physical Footprint: Designator=IC3 Old Footprint=DIP1543W58P254L5175H635Q40N New Footprint=DIP1543W58P254L5175H635Q40N
Change Physical Footprint: Designator=K1 Old Footprint=1711725 New Footprint=1711725
Change Physical Footprint: Designator=K2 Old Footprint=1711725 New Footprint=1711725
Change Physical Footprint: Designator=K3 Old Footprint=1711725 New Footprint=1711725
Change Physical Footprint: Designator=K4 Old Footprint=HDRV3W67P0X254_1X3_762X241X858P New Footprint=HDRV3W67P0X254_1X3_762X241X858P
Change Physical Footprint: Designator=K5 Old Footprint=HDRV2W67P0X254_1X2_508X241X843P New Footprint=HDRV2W67P0X254_1X2_508X241X843P
Change Physical Footprint: Designator=K6 Old Footprint=HDRV4W67P0X254_1X4_1270X241X858P New Footprint=HDRV4W67P0X254_1X4_1270X241X858P
Change Physical Footprint: Designator=K7 Old Footprint=HDRV3W67P0X254_1X3_762X241X858P New Footprint=HDRV3W67P0X254_1X3_762X241X858P
Change Physical Footprint: Designator=k8 Old Footprint=1711725 New Footprint=1711725
Change Physical Footprint: Designator=K9 Old Footprint=HDRV5W67P0X254_1X5_1270X241X858P New Footprint=HDRV5W67P0X254_1X5_1270X241X858P
Change Physical Footprint: Designator=K10 Old Footprint=HDRV3W67P0X254_1X3_762X241X858P New Footprint=HDRV3W67P0X254_1X3_762X241X858P
Change Physical Footprint: Designator=K11 Old Footprint=HDRV6W67P254_2X3_762X483X858P New Footprint=HDRV6W67P254_2X3_762X483X858P
Change Physical Footprint: Designator=K12 Old Footprint=SHDR10W64P254_2X5_2002X859X991P New Footprint=SHDR10W64P254_2X5_2002X859X991P
Change Physical Footprint: Designator=K21 Old Footprint=SHDR10W64P254_2X5_2002X859X991P New Footprint=SHDR10W64P254_2X5_2002X859X991P
Change Physical Footprint: Designator=L1 Old Footprint=INDC3225X270N New Footprint=INDC3225X270N
Change Physical Footprint: Designator=L2 Old Footprint=CM2545X171B10 New Footprint=CM2545X171B10
Change Physical Footprint: Designator=R1 Old Footprint=RESC2013X50X30LL20T20 New Footprint=RESC2013X50X30LL20T20
Change Physical Footprint: Designator=R2 Old Footprint=RESC2013X50X30LL20T20 New Footprint=RESC2013X50X30LL20T20
Change Physical Footprint: Designator=R3 Old Footprint=RESC2013X50X30LL20T20 New Footprint=RESC2013X50X30LL20T20
Change Physical Footprint: Designator=R4 Old Footprint=RESC2013X50X30LL20T20 New Footprint=RESC2013X50X30LL20T20
Change Physical Footprint: Designator=R5 Old Footprint=RESC2013X50X30LL20T20 New Footprint=RESC2013X50X30LL20T20
Change Physical Footprint: Designator=R6 Old Footprint=RESC2013X50X30LL20T20 New Footprint=RESC2013X50X30LL20T20
Change Physical Footprint: Designator=R7 Old Footprint=RESC2013X50X30LL20T20 New Footprint=RESC2013X50X30LL20T20
Change Physical Footprint: Designator=R8 Old Footprint=RESC2013X50X30LL20T20 New Footprint=RESC2013X50X30LL20T20
Change Physical Footprint: Designator=R9 Old Footprint=RESC2013X50X30LL20T20 New Footprint=RESC2013X50X30LL20T20
Change Physical Footprint: Designator=R10 Old Footprint=RESC2013X50X30LL20T20 New Footprint=RESC2013X50X30LL20T20
Change Physical Footprint: Designator=R11 Old Footprint=RESC2013X50X30LL20T20 New Footprint=RESC2013X50X30LL20T20
Change Physical Footprint: Designator=R12 Old Footprint=RESC2013X50X30LL20T20 New Footprint=RESC2013X50X30LL20T20
Change Physical Footprint: Designator=R13 Old Footprint=RESC2013X50X30LL20T20 New Footprint=RESC2013X50X30LL20T20
Change Physical Footprint: Designator=R14 Old Footprint=RESC2013X50X30LL20T20 New Footprint=RESC2013X50X30LL20T20
Change Physical Footprint: Designator=R15 Old Footprint=RESC2013X50X30LL20T20 New Footprint=RESC2013X50X30LL20T20
Change Physical Footprint: Designator=R16 Old Footprint=RESC2013X50X30LL20T20 New Footprint=RESC2013X50X30LL20T20
Change Physical Footprint: Designator=R17 Old Footprint=RESC2013X50X30LL20T20 New Footprint=RESC2013X50X30LL20T20
Change Physical Footprint: Designator=R18 Old Footprint=RESC2013X50X30LL20T20 New Footprint=RESC2013X50X30LL20T20
Change Physical Footprint: Designator=R19 Old Footprint=RESC2013X50X30LL20T20 New Footprint=RESC2013X50X30LL20T20
Change Physical Footprint: Designator=R20 Old Footprint=RESC2013X50X30LL20T20 New Footprint=RESC2013X50X30LL20T20
Change Physical Footprint: Designator=R21 Old Footprint=RESC2013X50X30LL20T20 New Footprint=RESC2013X50X30LL20T20
Change Physical Footprint: Designator=R22 Old Footprint=RESC2013X50X30LL20T20 New Footprint=RESC2013X50X30LL20T20
Change Physical Footprint: Designator=R51 Old Footprint=RESC2013X50X30LL20T20 New Footprint=RESC2013X50X30LL20T20
Change Physical Footprint: Designator=R52 Old Footprint=RESC2013X50X30LL20T20 New Footprint=RESC2013X50X30LL20T20
Change Physical Footprint: Designator=R53 Old Footprint=RESC2013X50X30LL20T20 New Footprint=RESC2013X50X30LL20T20
Change Physical Footprint: Designator=RE1 Old Footprint=FP-RT424615-MFG New Footprint=FP-RT424615-MFG
Change Physical Footprint: Designator=T1 Old Footprint=BC547C New Footprint=BC547C
Change Physical Footprint: Designator=T2 Old Footprint=BC547C New Footprint=BC547C
Change Physical Footprint: Designator=T3 Old Footprint=TO254P469X1042X1967-3P New Footprint=TO254P469X1042X1967-3P
Change Physical Footprint: Designator=T4 Old Footprint=BC547C New Footprint=BC547C
Change Physical Footprint: Designator=T5 Old Footprint=BC557C New Footprint=BC557C
